{"numTotalTestSuites":4,"numPassedTestSuites":2,"numFailedTestSuites":2,"numPendingTestSuites":0,"numTotalTests":2,"numPassedTests":1,"numFailedTests":1,"numPendingTests":0,"numTodoTests":0,"snapshot":{"added":0,"failure":false,"filesAdded":0,"filesRemoved":0,"filesRemovedList":[],"filesUnmatched":0,"filesUpdated":0,"matched":0,"total":0,"unchecked":0,"uncheckedKeysByFile":[],"unmatched":0,"updated":0,"didUpdate":false},"startTime":1772008407368,"success":false,"testResults":[{"assertionResults":[{"ancestorTitles":["AddTransactionDialog"],"fullName":"AddTransactionDialog calculates reserve amount automatically as 20% of invoice amount and is read-only","status":"failed","title":"calculates reserve amount automatically as 20% of invoice amount and is read-only","duration":17.232700000000023,"failureMessages":["Error: Element type is invalid: expected a string (for built-in components) or a class/function (for composite components) but got: undefined. You likely forgot to export your component from the file it's defined in, or you might have mixed up default and named imports.\n    at createFiberFromTypeAndProps (C:\\Users\\ramsh\\Desktop\\Whizunik\\whiz-factor\\node_modules\\react-dom\\cjs\\react-dom.development.js:28478:17)\n    at createFiberFromElement (C:\\Users\\ramsh\\Desktop\\Whizunik\\whiz-factor\\node_modules\\react-dom\\cjs\\react-dom.development.js:28504:15)\n    at reconcileSingleElement (C:\\Users\\ramsh\\Desktop\\Whizunik\\whiz-factor\\node_modules\\react-dom\\cjs\\react-dom.development.js:13986:23)\n    at reconcileChildFibers (C:\\Users\\ramsh\\Desktop\\Whizunik\\whiz-factor\\node_modules\\react-dom\\cjs\\react-dom.development.js:14044:35)\n    at reconcileChildren (C:\\Users\\ramsh\\Desktop\\Whizunik\\whiz-factor\\node_modules\\react-dom\\cjs\\react-dom.development.js:19193:28)\n    at updateHostRoot (C:\\Users\\ramsh\\Desktop\\Whizunik\\whiz-factor\\node_modules\\react-dom\\cjs\\react-dom.development.js:19912:5)\n    at beginWork (C:\\Users\\ramsh\\Desktop\\Whizunik\\whiz-factor\\node_modules\\react-dom\\cjs\\react-dom.development.js:21654:14)\n    at beginWork$1 (C:\\Users\\ramsh\\Desktop\\Whizunik\\whiz-factor\\node_modules\\react-dom\\cjs\\react-dom.development.js:27465:14)\n    at performUnitOfWork (C:\\Users\\ramsh\\Desktop\\Whizunik\\whiz-factor\\node_modules\\react-dom\\cjs\\react-dom.development.js:26599:12)\n    at workLoopSync (C:\\Users\\ramsh\\Desktop\\Whizunik\\whiz-factor\\node_modules\\react-dom\\cjs\\react-dom.development.js:26505:5)"],"meta":{}}],"startTime":1772008409274,"endTime":1772008409291.2327,"status":"failed","message":"","name":"C:/Users/ramsh/Desktop/Whizunik/whiz-factor/frontend/src/__tests__/AddTransactionDialog.test.tsx"},{"assertionResults":[{"ancestorTitles":["LateFeeHandlingDialog"],"fullName":"LateFeeHandlingDialog renders with scrollable DialogContent classes","status":"passed","title":"renders with scrollable DialogContent classes","duration":295.1860999999999,"failureMessages":[],"meta":{}}],"startTime":1772008409299,"endTime":1772008409594.186,"status":"passed","message":"","name":"C:/Users/ramsh/Desktop/Whizunik/whiz-factor/frontend/src/__tests__/LateFeeHandlingDialog.test.tsx"}]}
